nohup: ignoring input
2024-12-05 03:45:51.940+0000 INFO  ======== Neo4j 3.5.13 ========
2024-12-05 03:45:51.948+0000 INFO  Starting...
2024-12-05 03:45:54.893+0000 INFO  Bolt enabled on 0.0.0.0:7687.
2024-12-05 03:45:56.027+0000 INFO  Started.
2024-12-05 03:45:56.766+0000 INFO  Remote interface available at http://localhost:7474/
2024-12-05 04:14:12.513+0000 INFO  Neo4j Server shutdown initiated by request
2024-12-05 04:14:12.535+0000 INFO  Stopping...
2024-12-05 04:14:12.783+0000 INFO  Stopped.
nohup: ignoring input
2024-12-05 04:19:21.444+0000 INFO  ======== Neo4j 3.5.13 ========
2024-12-05 04:19:21.451+0000 INFO  Starting...
2024-12-05 04:19:23.176+0000 INFO  Bolt enabled on 127.0.0.1:7687.
2024-12-05 04:19:24.340+0000 INFO  Started.
2024-12-05 04:19:25.089+0000 INFO  Remote interface available at http://localhost:7474/
2024-12-05 04:23:45.649+0000 INFO  Neo4j Server shutdown initiated by request
2024-12-05 04:23:45.663+0000 INFO  Stopping...
2024-12-05 04:23:45.921+0000 INFO  Stopped.
nohup: ignoring input
2024-12-05 04:25:16.563+0000 INFO  ======== Neo4j 3.5.13 ========
2024-12-05 04:25:16.571+0000 INFO  Starting...
2024-12-05 04:25:18.309+0000 INFO  Bolt enabled on 0.0.0.0:7687.
2024-12-05 04:25:19.504+0000 INFO  Started.
2024-12-05 04:25:20.201+0000 INFO  Remote interface available at http://localhost:7474/
2024-12-05 04:31:40.037+0000 INFO  Neo4j Server shutdown initiated by request
2024-12-05 04:31:40.054+0000 INFO  Stopping...
2024-12-05 04:31:40.317+0000 INFO  Stopped.
nohup: ignoring input
2024-12-05 04:34:51.170+0000 INFO  ======== Neo4j 3.5.13 ========
2024-12-05 04:34:51.177+0000 INFO  Starting...
2024-12-05 04:34:52.912+0000 INFO  Bolt enabled on 127.0.0.1:7687.
2024-12-05 04:34:54.076+0000 INFO  Started.
2024-12-05 04:34:54.804+0000 INFO  Remote interface available at http://localhost:7474/
2024-12-05 04:41:14.561+0000 INFO  Neo4j Server shutdown initiated by request
2024-12-05 04:41:14.579+0000 INFO  Stopping...
2024-12-05 04:41:14.838+0000 INFO  Stopped.
nohup: ignoring input
2024-12-05 04:41:24.090+0000 INFO  ======== Neo4j 3.5.13 ========
2024-12-05 04:41:24.097+0000 INFO  Starting...
2024-12-05 04:41:25.839+0000 INFO  Bolt enabled on 127.0.0.1:7687.
2024-12-05 04:41:27.010+0000 INFO  Started.
2024-12-05 04:41:27.751+0000 INFO  Remote interface available at http://localhost:7474/
2024-12-05 04:42:15.805+0000 INFO  Neo4j Server shutdown initiated by request
2024-12-05 04:42:15.823+0000 INFO  Stopping...
2024-12-05 04:42:16.079+0000 INFO  Stopped.
nohup: ignoring input
2024-12-05 06:07:02.298+0000 INFO  ======== Neo4j 3.5.13 ========
2024-12-05 06:07:02.305+0000 INFO  Starting...
2024-12-05 06:07:04.000+0000 INFO  Bolt enabled on 127.0.0.1:7687.
2024-12-05 06:07:05.171+0000 INFO  Started.
2024-12-05 06:07:05.890+0000 INFO  Remote interface available at http://localhost:7474/
2024-12-05 06:21:09.385+0000 INFO  Neo4j Server shutdown initiated by request
2024-12-05 06:21:09.402+0000 INFO  Stopping...
2024-12-05 06:21:09.669+0000 INFO  Stopped.
nohup: ignoring input
2024-12-05 06:32:36.420+0000 INFO  ======== Neo4j 3.5.13 ========
2024-12-05 06:32:36.427+0000 INFO  Starting...
2024-12-05 06:32:38.155+0000 INFO  Bolt enabled on 127.0.0.1:7687.
2024-12-05 06:32:39.317+0000 INFO  Started.
2024-12-05 06:32:40.045+0000 INFO  Remote interface available at http://localhost:7474/
2024-12-05 07:14:39.683+0000 WARN  The client is unauthorized due to authentication failure.
2024-12-05 07:14:47.730+0000 WARN  The client is unauthorized due to authentication failure.
2024-12-05 07:15:25.585+0000 WARN  The client is unauthorized due to authentication failure.
2024-12-05 07:16:17.157+0000 WARN  The client is unauthorized due to authentication failure.
2024-12-05 07:21:30.508+0000 INFO  Neo4j Server shutdown initiated by request
2024-12-05 07:21:30.524+0000 INFO  Stopping...
2024-12-05 07:21:30.826+0000 INFO  Stopped.
nohup: ignoring input
2024-12-05 07:21:38.098+0000 INFO  ======== Neo4j 3.5.13 ========
2024-12-05 07:21:38.105+0000 INFO  Starting...
2024-12-05 07:21:39.776+0000 INFO  Bolt enabled on 127.0.0.1:7687.
2024-12-05 07:21:40.931+0000 INFO  Started.
2024-12-05 07:21:41.629+0000 INFO  Remote interface available at http://localhost:7474/
2024-12-05 07:23:29.310+0000 INFO  Neo4j Server shutdown initiated by request
2024-12-05 07:23:29.325+0000 INFO  Stopping...
2024-12-05 07:23:29.583+0000 INFO  Stopped.
nohup: ignoring input
2024-12-05 09:24:50.738+0000 INFO  ======== Neo4j 3.5.13 ========
2024-12-05 09:24:50.745+0000 INFO  Starting...
2024-12-05 09:24:52.734+0000 ERROR Failed to start Neo4j: Starting Neo4j failed: Component 'org.neo4j.server.database.LifecycleManagingDatabase@7e4d2287' was successfully initialized, but failed to start. Please see the attached cause exception "Address [0.0.0.0:7687]:7687 is already in use, cannot bind to it.". Starting Neo4j failed: Component 'org.neo4j.server.database.LifecycleManagingDatabase@7e4d2287' was successfully initialized, but failed to start. Please see the attached cause exception "Address [0.0.0.0:7687]:7687 is already in use, cannot bind to it.".
org.neo4j.server.ServerStartupException: Starting Neo4j failed: Component 'org.neo4j.server.database.LifecycleManagingDatabase@7e4d2287' was successfully initialized, but failed to start. Please see the attached cause exception "Address [0.0.0.0:7687]:7687 is already in use, cannot bind to it.".
	at org.neo4j.server.exception.ServerStartupErrors.translateToServerStartupError(ServerStartupErrors.java:45)
	at org.neo4j.server.AbstractNeoServer.start(AbstractNeoServer.java:187)
	at org.neo4j.server.ServerBootstrapper.start(ServerBootstrapper.java:124)
	at org.neo4j.server.ServerBootstrapper.start(ServerBootstrapper.java:91)
	at org.neo4j.server.CommunityEntryPoint.main(CommunityEntryPoint.java:32)
Caused by: org.neo4j.kernel.lifecycle.LifecycleException: Component 'org.neo4j.server.database.LifecycleManagingDatabase@7e4d2287' was successfully initialized, but failed to start. Please see the attached cause exception "Address [0.0.0.0:7687]:7687 is already in use, cannot bind to it.".
	at org.neo4j.kernel.lifecycle.LifeSupport$LifecycleInstance.start(LifeSupport.java:473)
	at org.neo4j.kernel.lifecycle.LifeSupport.start(LifeSupport.java:111)
	at org.neo4j.server.AbstractNeoServer.start(AbstractNeoServer.java:180)
	... 3 more
Caused by: java.lang.RuntimeException: Error starting org.neo4j.graphdb.facade.GraphDatabaseFacadeFactory, /home/zhanggu/neo4j/data/databases
	at org.neo4j.graphdb.facade.GraphDatabaseFacadeFactory.initFacade(GraphDatabaseFacadeFactory.java:232)
	at org.neo4j.graphdb.facade.GraphDatabaseFacadeFactory.newFacade(GraphDatabaseFacadeFactory.java:148)
	at org.neo4j.server.database.CommunityGraphFactory.newGraphDatabase(CommunityGraphFactory.java:41)
	at org.neo4j.server.database.LifecycleManagingDatabase.start(LifecycleManagingDatabase.java:90)
	at org.neo4j.kernel.lifecycle.LifeSupport$LifecycleInstance.start(LifeSupport.java:452)
	... 5 more
Caused by: org.neo4j.kernel.lifecycle.LifecycleException: Component 'org.neo4j.bolt.transport.NettyServer@6e0cff20' was successfully initialized, but failed to start. Please see the attached cause exception "Address [0.0.0.0:7687]:7687 is already in use, cannot bind to it.".
	at org.neo4j.kernel.lifecycle.LifeSupport$LifecycleInstance.start(LifeSupport.java:473)
	at org.neo4j.kernel.lifecycle.LifeSupport.start(LifeSupport.java:111)
	at org.neo4j.bolt.BoltServer.start(BoltServer.java:129)
	at org.neo4j.kernel.lifecycle.LifeSupport$LifecycleInstance.start(LifeSupport.java:452)
	at org.neo4j.kernel.lifecycle.LifeSupport.start(LifeSupport.java:111)
	at org.neo4j.graphdb.facade.GraphDatabaseFacadeFactory.initFacade(GraphDatabaseFacadeFactory.java:227)
	... 9 more
Caused by: org.neo4j.helpers.PortBindException: Address [0.0.0.0:7687]:7687 is already in use, cannot bind to it.
	at io.netty.channel.epoll.AbstractEpollChannel.checkResolvable(AbstractEpollChannel.java:331)
	at io.netty.channel.epoll.AbstractEpollChannel.doBind(AbstractEpollChannel.java:682)
	at io.netty.channel.epoll.EpollServerSocketChannel.doBind(EpollServerSocketChannel.java:70)
	at io.netty.channel.AbstractChannel$AbstractUnsafe.bind(AbstractChannel.java:562)
	at io.netty.channel.DefaultChannelPipeline$HeadContext.bind(DefaultChannelPipeline.java:1358)
	at io.netty.channel.AbstractChannelHandlerContext.invokeBind(AbstractChannelHandlerContext.java:501)
	at io.netty.channel.AbstractChannelHandlerContext.bind(AbstractChannelHandlerContext.java:486)
	at io.netty.channel.DefaultChannelPipeline.bind(DefaultChannelPipeline.java:1019)
	at io.netty.channel.AbstractChannel.bind(AbstractChannel.java:258)
	at io.netty.bootstrap.AbstractBootstrap$2.run(AbstractBootstrap.java:366)
	at io.netty.util.concurrent.AbstractEventExecutor.safeExecute(AbstractEventExecutor.java:163)
	at io.netty.util.concurrent.SingleThreadEventExecutor.runAllTasks(SingleThreadEventExecutor.java:404)
	at io.netty.channel.epoll.EpollEventLoop.run(EpollEventLoop.java:335)
	at io.netty.util.concurrent.SingleThreadEventExecutor$5.run(SingleThreadEventExecutor.java:909)
	at java.lang.Thread.run(Thread.java:748)
2024-12-05 09:24:52.734+0000 INFO  Neo4j Server shutdown initiated by request
nohup: ignoring input
2024-12-05 09:28:30.162+0000 INFO  ======== Neo4j 3.5.13 ========
2024-12-05 09:28:30.170+0000 INFO  Starting...
2024-12-05 09:28:31.873+0000 INFO  Bolt enabled on 127.0.0.1:7687.
2024-12-05 09:28:33.049+0000 INFO  Started.
2024-12-05 09:28:33.787+0000 INFO  Remote interface available at http://localhost:7474/
2024-12-05 09:30:15.486+0000 INFO  Neo4j Server shutdown initiated by request
2024-12-05 09:30:15.499+0000 INFO  Stopping...
2024-12-05 09:30:15.750+0000 INFO  Stopped.
nohup: ignoring input
2024-12-05 09:30:22.994+0000 INFO  ======== Neo4j 3.5.13 ========
2024-12-05 09:30:23.002+0000 INFO  Starting...
2024-12-05 09:30:24.700+0000 INFO  Bolt enabled on 0.0.0.0:7687.
2024-12-05 09:30:25.887+0000 INFO  Started.
2024-12-05 09:30:26.641+0000 INFO  Remote interface available at http://localhost:7474/
2024-12-05 09:30:57.785+0000 INFO  Neo4j Server shutdown initiated by request
2024-12-05 09:30:57.803+0000 INFO  Stopping...
2024-12-05 09:30:58.057+0000 INFO  Stopped.
nohup: ignoring input
2024-12-05 09:31:05.370+0000 INFO  ======== Neo4j 3.5.13 ========
2024-12-05 09:31:05.378+0000 INFO  Starting...
2024-12-05 09:31:07.326+0000 ERROR Failed to start Neo4j: Starting Neo4j failed: Component 'org.neo4j.server.database.LifecycleManagingDatabase@74075134' was successfully initialized, but failed to start. Please see the attached cause exception "Address [0.0.0.0:7687]:7687 is already in use, cannot bind to it.". Starting Neo4j failed: Component 'org.neo4j.server.database.LifecycleManagingDatabase@74075134' was successfully initialized, but failed to start. Please see the attached cause exception "Address [0.0.0.0:7687]:7687 is already in use, cannot bind to it.".
org.neo4j.server.ServerStartupException: Starting Neo4j failed: Component 'org.neo4j.server.database.LifecycleManagingDatabase@74075134' was successfully initialized, but failed to start. Please see the attached cause exception "Address [0.0.0.0:7687]:7687 is already in use, cannot bind to it.".
	at org.neo4j.server.exception.ServerStartupErrors.translateToServerStartupError(ServerStartupErrors.java:45)
	at org.neo4j.server.AbstractNeoServer.start(AbstractNeoServer.java:187)
	at org.neo4j.server.ServerBootstrapper.start(ServerBootstrapper.java:124)
	at org.neo4j.server.ServerBootstrapper.start(ServerBootstrapper.java:91)
	at org.neo4j.server.CommunityEntryPoint.main(CommunityEntryPoint.java:32)
Caused by: org.neo4j.kernel.lifecycle.LifecycleException: Component 'org.neo4j.server.database.LifecycleManagingDatabase@74075134' was successfully initialized, but failed to start. Please see the attached cause exception "Address [0.0.0.0:7687]:7687 is already in use, cannot bind to it.".
	at org.neo4j.kernel.lifecycle.LifeSupport$LifecycleInstance.start(LifeSupport.java:473)
	at org.neo4j.kernel.lifecycle.LifeSupport.start(LifeSupport.java:111)
	at org.neo4j.server.AbstractNeoServer.start(AbstractNeoServer.java:180)
	... 3 more
Caused by: java.lang.RuntimeException: Error starting org.neo4j.graphdb.facade.GraphDatabaseFacadeFactory, /home/zhanggu/neo4j/data/databases
	at org.neo4j.graphdb.facade.GraphDatabaseFacadeFactory.initFacade(GraphDatabaseFacadeFactory.java:232)
	at org.neo4j.graphdb.facade.GraphDatabaseFacadeFactory.newFacade(GraphDatabaseFacadeFactory.java:148)
	at org.neo4j.server.database.CommunityGraphFactory.newGraphDatabase(CommunityGraphFactory.java:41)
	at org.neo4j.server.database.LifecycleManagingDatabase.start(LifecycleManagingDatabase.java:90)
	at org.neo4j.kernel.lifecycle.LifeSupport$LifecycleInstance.start(LifeSupport.java:452)
	... 5 more
Caused by: org.neo4j.kernel.lifecycle.LifecycleException: Component 'org.neo4j.bolt.transport.NettyServer@6e0cff20' was successfully initialized, but failed to start. Please see the attached cause exception "Address [0.0.0.0:7687]:7687 is already in use, cannot bind to it.".
	at org.neo4j.kernel.lifecycle.LifeSupport$LifecycleInstance.start(LifeSupport.java:473)
	at org.neo4j.kernel.lifecycle.LifeSupport.start(LifeSupport.java:111)
	at org.neo4j.bolt.BoltServer.start(BoltServer.java:129)
	at org.neo4j.kernel.lifecycle.LifeSupport$LifecycleInstance.start(LifeSupport.java:452)
	at org.neo4j.kernel.lifecycle.LifeSupport.start(LifeSupport.java:111)
	at org.neo4j.graphdb.facade.GraphDatabaseFacadeFactory.initFacade(GraphDatabaseFacadeFactory.java:227)
	... 9 more
Caused by: org.neo4j.helpers.PortBindException: Address [0.0.0.0:7687]:7687 is already in use, cannot bind to it.
	at io.netty.channel.epoll.AbstractEpollChannel.checkResolvable(AbstractEpollChannel.java:331)
	at io.netty.channel.epoll.AbstractEpollChannel.doBind(AbstractEpollChannel.java:682)
	at io.netty.channel.epoll.EpollServerSocketChannel.doBind(EpollServerSocketChannel.java:70)
	at io.netty.channel.AbstractChannel$AbstractUnsafe.bind(AbstractChannel.java:562)
	at io.netty.channel.DefaultChannelPipeline$HeadContext.bind(DefaultChannelPipeline.java:1358)
	at io.netty.channel.AbstractChannelHandlerContext.invokeBind(AbstractChannelHandlerContext.java:501)
	at io.netty.channel.AbstractChannelHandlerContext.bind(AbstractChannelHandlerContext.java:486)
	at io.netty.channel.DefaultChannelPipeline.bind(DefaultChannelPipeline.java:1019)
	at io.netty.channel.AbstractChannel.bind(AbstractChannel.java:258)
	at io.netty.bootstrap.AbstractBootstrap$2.run(AbstractBootstrap.java:366)
	at io.netty.util.concurrent.AbstractEventExecutor.safeExecute(AbstractEventExecutor.java:163)
	at io.netty.util.concurrent.SingleThreadEventExecutor.runAllTasks(SingleThreadEventExecutor.java:404)
	at io.netty.channel.epoll.EpollEventLoop.run(EpollEventLoop.java:335)
	at io.netty.util.concurrent.SingleThreadEventExecutor$5.run(SingleThreadEventExecutor.java:909)
	at java.lang.Thread.run(Thread.java:748)
2024-12-05 09:31:07.327+0000 INFO  Neo4j Server shutdown initiated by request
nohup: ignoring input
2024-12-05 09:39:56.472+0000 INFO  ======== Neo4j 3.5.13 ========
2024-12-05 09:39:56.480+0000 INFO  Starting...
2024-12-05 09:39:58.235+0000 INFO  Bolt enabled on 127.0.0.1:7687.
2024-12-05 09:39:59.458+0000 INFO  Started.
2024-12-05 09:40:00.172+0000 INFO  Remote interface available at http://localhost:7474/
2024-12-05 09:42:26.291+0000 INFO  Neo4j Server shutdown initiated by request
2024-12-05 09:42:26.306+0000 INFO  Stopping...
2024-12-05 09:42:26.567+0000 INFO  Stopped.
nohup: ignoring input
2024-12-05 09:42:43.387+0000 INFO  ======== Neo4j 3.5.13 ========
2024-12-05 09:42:43.395+0000 INFO  Starting...
2024-12-05 09:42:45.149+0000 INFO  Bolt enabled on 127.0.0.1:7687.
2024-12-05 09:42:46.345+0000 INFO  Started.
2024-12-05 09:42:47.102+0000 INFO  Remote interface available at http://localhost:7474/
2024-12-05 09:54:23.092+0000 INFO  Neo4j Server shutdown initiated by request
2024-12-05 09:54:23.108+0000 INFO  Stopping...
2024-12-05 09:54:23.358+0000 INFO  Stopped.
nohup: ignoring input
2024-12-05 12:09:10.998+0000 INFO  ======== Neo4j 3.5.13 ========
2024-12-05 12:09:11.006+0000 INFO  Starting...
2024-12-05 12:09:12.711+0000 INFO  Bolt enabled on 127.0.0.1:7687.
2024-12-05 12:09:13.889+0000 INFO  Started.
2024-12-05 12:09:14.611+0000 INFO  Remote interface available at http://localhost:7474/
2024-12-05 12:24:08.429+0000 INFO  Neo4j Server shutdown initiated by request
2024-12-05 12:24:08.450+0000 INFO  Stopping...
2024-12-05 12:24:08.710+0000 INFO  Stopped.
2024-12-05 13:07:00.387+0000 INFO  ======== Neo4j 3.5.13 ========
2024-12-05 13:07:00.394+0000 INFO  Starting...
2024-12-05 13:07:02.199+0000 INFO  Bolt enabled on 127.0.0.1:7687.
2024-12-05 13:07:03.373+0000 INFO  Started.
2024-12-05 13:07:04.120+0000 INFO  Remote interface available at http://localhost:7474/
2024-12-05 13:17:19.144+0000 INFO  Neo4j Server shutdown initiated by request
2024-12-05 13:17:19.161+0000 INFO  Stopping...
2024-12-05 13:17:19.424+0000 INFO  Stopped.
nohup: ignoring input
2024-12-05 13:17:24.310+0000 INFO  ======== Neo4j 3.5.13 ========
2024-12-05 13:17:24.318+0000 INFO  Starting...
2024-12-05 13:17:26.063+0000 INFO  Bolt enabled on 127.0.0.1:7687.
2024-12-05 13:17:27.246+0000 INFO  Started.
2024-12-05 13:17:27.951+0000 INFO  Remote interface available at http://localhost:7474/
2024-12-05 13:32:45.158+0000 INFO  Neo4j Server shutdown initiated by request
2024-12-05 13:32:45.180+0000 INFO  Stopping...
2024-12-05 13:32:45.445+0000 INFO  Stopped.
nohup: ignoring input
2024-12-05 13:37:50.269+0000 INFO  ======== Neo4j 3.5.13 ========
2024-12-05 13:37:50.276+0000 INFO  Starting...
2024-12-05 13:37:52.028+0000 INFO  Bolt enabled on 127.0.0.1:7687.
2024-12-05 13:37:53.234+0000 INFO  Started.
2024-12-05 13:37:53.953+0000 INFO  Remote interface available at http://localhost:7474/
2024-12-05 13:40:49.661+0000 INFO  Neo4j Server shutdown initiated by request
2024-12-05 13:40:49.679+0000 INFO  Stopping...
2024-12-05 13:40:49.939+0000 INFO  Stopped.
2024-12-05 13:41:00.060+0000 INFO  ======== Neo4j 3.5.13 ========
2024-12-05 13:41:00.068+0000 INFO  Starting...
2024-12-05 13:41:01.907+0000 INFO  Bolt enabled on 127.0.0.1:7687.
2024-12-05 13:41:03.083+0000 INFO  Started.
2024-12-05 13:41:03.780+0000 INFO  Remote interface available at http://localhost:7474/
2024-12-05 13:41:43.746+0000 INFO  Neo4j Server shutdown initiated by request
2024-12-05 13:41:43.766+0000 INFO  Stopping...
2024-12-05 13:41:44.025+0000 INFO  Stopped.
nohup: ignoring input
2024-12-05 13:41:50.429+0000 INFO  ======== Neo4j 3.5.13 ========
2024-12-05 13:41:50.436+0000 INFO  Starting...
2024-12-05 13:41:52.163+0000 INFO  Bolt enabled on 127.0.0.1:7687.
2024-12-05 13:41:53.362+0000 INFO  Started.
2024-12-05 13:41:54.081+0000 INFO  Remote interface available at http://localhost:7474/
2024-12-05 13:46:37.671+0000 INFO  Neo4j Server shutdown initiated by request
2024-12-05 13:46:37.689+0000 INFO  Stopping...
2024-12-05 13:46:37.941+0000 INFO  Stopped.
2024-12-05 13:50:01.956+0000 INFO  ======== Neo4j 3.5.13 ========
2024-12-05 13:50:01.964+0000 INFO  Starting...
2024-12-05 13:50:03.811+0000 INFO  Bolt enabled on 127.0.0.1:7687.
2024-12-05 13:50:05.004+0000 INFO  Started.
2024-12-05 13:50:05.710+0000 INFO  Remote interface available at http://localhost:7474/
2024-12-05 13:50:26.803+0000 INFO  Neo4j Server shutdown initiated by request
2024-12-05 13:50:26.820+0000 INFO  Stopping...
2024-12-05 13:50:27.083+0000 INFO  Stopped.
2024-12-05 14:01:18.266+0000 INFO  ======== Neo4j 3.5.13 ========
2024-12-05 14:01:18.274+0000 INFO  Starting...
2024-12-05 14:01:20.060+0000 INFO  Bolt enabled on 127.0.0.1:7687.
2024-12-05 14:01:21.240+0000 INFO  Started.
2024-12-05 14:01:21.980+0000 INFO  Remote interface available at http://localhost:7474/
2024-12-05 14:47:07.791+0000 INFO  Neo4j Server shutdown initiated by request
2024-12-05 14:47:07.808+0000 INFO  Stopping...
2024-12-05 14:47:08.070+0000 INFO  Stopped.
2024-12-05 14:56:07.450+0000 INFO  ======== Neo4j 3.5.13 ========
2024-12-05 14:56:07.457+0000 INFO  Starting...
2024-12-05 14:56:09.259+0000 INFO  Bolt enabled on 127.0.0.1:7687.
2024-12-05 14:56:10.466+0000 INFO  Started.
2024-12-05 14:56:11.260+0000 INFO  Remote interface available at http://localhost:7474/
2024-12-05 15:17:43.437+0000 INFO  Neo4j Server shutdown initiated by request
2024-12-05 15:17:43.455+0000 INFO  Stopping...
2024-12-05 15:17:43.722+0000 INFO  Stopped.
2024-12-05 15:20:25.703+0000 INFO  ======== Neo4j 3.5.13 ========
2024-12-05 15:20:25.710+0000 INFO  Starting...
2024-12-05 15:20:27.527+0000 INFO  Bolt enabled on 127.0.0.1:7687.
2024-12-05 15:20:28.712+0000 INFO  Started.
2024-12-05 15:20:29.446+0000 INFO  Remote interface available at http://localhost:7474/
2024-12-05 15:20:52.145+0000 INFO  Neo4j Server shutdown initiated by request
2024-12-05 15:20:52.160+0000 INFO  Stopping...
2024-12-05 15:20:52.417+0000 INFO  Stopped.
2024-12-05 15:44:47.040+0000 INFO  ======== Neo4j 3.5.13 ========
2024-12-05 15:44:47.047+0000 INFO  Starting...
2024-12-05 15:44:48.876+0000 INFO  Bolt enabled on 127.0.0.1:7687.
2024-12-05 15:44:50.066+0000 INFO  Started.
2024-12-05 15:44:50.795+0000 INFO  Remote interface available at http://localhost:7474/
2024-12-05 15:45:16.589+0000 INFO  Neo4j Server shutdown initiated by request
2024-12-05 15:45:16.605+0000 INFO  Stopping...
2024-12-05 15:45:16.864+0000 INFO  Stopped.
2024-12-06 01:45:52.399+0000 INFO  ======== Neo4j 3.5.13 ========
2024-12-06 01:45:52.407+0000 INFO  Starting...
2024-12-06 01:45:54.261+0000 INFO  Bolt enabled on 127.0.0.1:7687.
2024-12-06 01:45:55.475+0000 INFO  Started.
2024-12-06 01:45:56.206+0000 INFO  Remote interface available at http://localhost:7474/
2024-12-06 02:32:40.880+0000 INFO  Neo4j Server shutdown initiated by request
2024-12-06 02:32:40.898+0000 INFO  Stopping...
2024-12-06 02:32:41.152+0000 INFO  Stopped.
2024-12-06 02:35:53.455+0000 INFO  ======== Neo4j 3.5.13 ========
2024-12-06 02:35:53.462+0000 INFO  Starting...
2024-12-06 02:35:55.276+0000 INFO  Bolt enabled on 127.0.0.1:7687.
2024-12-06 02:35:56.456+0000 INFO  Started.
2024-12-06 02:35:57.173+0000 INFO  Remote interface available at http://localhost:7474/
2024-12-06 02:36:11.887+0000 INFO  Neo4j Server shutdown initiated by request
2024-12-06 02:36:11.905+0000 INFO  Stopping...
2024-12-06 02:36:12.156+0000 INFO  Stopped.
2024-12-06 03:10:59.199+0000 INFO  ======== Neo4j 3.5.13 ========
2024-12-06 03:10:59.206+0000 INFO  Starting...
2024-12-06 03:11:00.995+0000 INFO  Bolt enabled on 127.0.0.1:7687.
2024-12-06 03:11:02.199+0000 INFO  Started.
2024-12-06 03:11:02.930+0000 INFO  Remote interface available at http://localhost:7474/
2024-12-06 03:14:26.372+0000 INFO  Neo4j Server shutdown initiated by request
2024-12-06 03:14:26.389+0000 INFO  Stopping...
2024-12-06 03:14:26.653+0000 INFO  Stopped.
2024-12-06 03:40:06.990+0000 INFO  ======== Neo4j 3.5.13 ========
2024-12-06 03:40:06.998+0000 INFO  Starting...
2024-12-06 03:40:08.828+0000 INFO  Bolt enabled on 127.0.0.1:7687.
2024-12-06 03:40:10.027+0000 INFO  Started.
2024-12-06 03:40:10.748+0000 INFO  Remote interface available at http://localhost:7474/
2024-12-06 03:41:50.501+0000 INFO  Neo4j Server shutdown initiated by request
2024-12-06 03:41:50.515+0000 INFO  Stopping...
2024-12-06 03:41:50.772+0000 INFO  Stopped.
2024-12-06 03:53:34.849+0000 INFO  ======== Neo4j 3.5.13 ========
2024-12-06 03:53:34.857+0000 INFO  Starting...
2024-12-06 03:53:36.621+0000 INFO  Bolt enabled on 127.0.0.1:7687.
2024-12-06 03:53:37.832+0000 INFO  Started.
2024-12-06 03:53:38.591+0000 INFO  Remote interface available at http://localhost:7474/
2024-12-06 03:59:50.126+0000 INFO  Neo4j Server shutdown initiated by request
2024-12-06 03:59:50.143+0000 INFO  Stopping...
2024-12-06 03:59:50.407+0000 INFO  Stopped.
2024-12-06 06:44:34.180+0000 INFO  ======== Neo4j 3.5.13 ========
2024-12-06 06:44:34.188+0000 INFO  Starting...
2024-12-06 06:44:36.021+0000 INFO  Bolt enabled on 127.0.0.1:7687.
2024-12-06 06:44:37.215+0000 INFO  Started.
2024-12-06 06:44:37.962+0000 INFO  Remote interface available at http://localhost:7474/
2024-12-06 06:49:38.785+0000 INFO  Neo4j Server shutdown initiated by request
2024-12-06 06:49:38.803+0000 INFO  Stopping...
2024-12-06 06:49:39.074+0000 INFO  Stopped.
2024-12-06 06:56:41.152+0000 INFO  ======== Neo4j 3.5.13 ========
2024-12-06 06:56:41.161+0000 INFO  Starting...
2024-12-06 06:56:42.978+0000 INFO  Bolt enabled on 127.0.0.1:7687.
2024-12-06 06:56:44.167+0000 INFO  Started.
2024-12-06 06:56:44.910+0000 INFO  Remote interface available at http://localhost:7474/
2024-12-06 06:58:21.407+0000 INFO  Neo4j Server shutdown initiated by request
2024-12-06 06:58:21.422+0000 INFO  Stopping...
2024-12-06 06:58:21.684+0000 INFO  Stopped.
2024-12-06 07:03:57.228+0000 INFO  ======== Neo4j 3.5.13 ========
2024-12-06 07:03:57.236+0000 INFO  Starting...
2024-12-06 07:03:59.049+0000 INFO  Bolt enabled on 127.0.0.1:7687.
2024-12-06 07:04:00.208+0000 INFO  Started.
2024-12-06 07:04:00.944+0000 INFO  Remote interface available at http://localhost:7474/
2024-12-06 07:35:26.489+0000 INFO  Neo4j Server shutdown initiated by request
2024-12-06 07:35:26.509+0000 INFO  Stopping...
2024-12-06 07:35:26.805+0000 INFO  Stopped.
2024-12-06 10:23:30.016+0000 INFO  ======== Neo4j 3.5.13 ========
2024-12-06 10:23:30.026+0000 INFO  Starting...
2024-12-06 10:23:31.910+0000 INFO  Bolt enabled on 127.0.0.1:7687.
2024-12-06 10:23:33.116+0000 INFO  Started.
2024-12-06 10:23:33.812+0000 INFO  Remote interface available at http://localhost:7474/
2024-12-06 10:29:54.597+0000 INFO  Neo4j Server shutdown initiated by request
2024-12-06 10:29:54.614+0000 INFO  Stopping...
2024-12-06 10:29:54.883+0000 INFO  Stopped.
2024-12-06 13:47:45.156+0000 INFO  ======== Neo4j 3.5.13 ========
2024-12-06 13:47:45.164+0000 INFO  Starting...
2024-12-06 13:47:47.002+0000 INFO  Bolt enabled on 127.0.0.1:7687.
2024-12-06 13:47:48.195+0000 INFO  Started.
2024-12-06 13:47:48.910+0000 INFO  Remote interface available at http://localhost:7474/
2024-12-06 13:56:30.845+0000 INFO  Neo4j Server shutdown initiated by request
2024-12-06 13:56:30.862+0000 INFO  Stopping...
2024-12-06 13:56:31.120+0000 INFO  Stopped.
2024-12-06 14:00:16.154+0000 INFO  ======== Neo4j 3.5.13 ========
2024-12-06 14:00:16.162+0000 INFO  Starting...
2024-12-06 14:00:17.964+0000 INFO  Bolt enabled on 127.0.0.1:7687.
2024-12-06 14:00:19.129+0000 INFO  Started.
2024-12-06 14:00:19.865+0000 INFO  Remote interface available at http://localhost:7474/
2024-12-06 14:00:39.954+0000 INFO  Neo4j Server shutdown initiated by request
2024-12-06 14:00:39.970+0000 INFO  Stopping...
2024-12-06 14:00:40.223+0000 INFO  Stopped.
2024-12-07 11:38:02.674+0000 INFO  ======== Neo4j 3.5.13 ========
2024-12-07 11:38:02.682+0000 INFO  Starting...
2024-12-07 11:38:04.477+0000 INFO  Bolt enabled on 127.0.0.1:7687.
2024-12-07 11:38:05.682+0000 INFO  Started.
2024-12-07 11:38:06.403+0000 INFO  Remote interface available at http://localhost:7474/
2024-12-07 11:38:47.117+0000 INFO  Neo4j Server shutdown initiated by request
2024-12-07 11:38:47.138+0000 INFO  Stopping...
2024-12-07 11:38:47.390+0000 INFO  Stopped.
2024-12-07 11:46:04.404+0000 INFO  ======== Neo4j 3.5.13 ========
2024-12-07 11:46:04.412+0000 INFO  Starting...
2024-12-07 11:46:06.199+0000 INFO  Bolt enabled on 127.0.0.1:7687.
2024-12-07 11:46:07.386+0000 INFO  Started.
2024-12-07 11:46:08.105+0000 INFO  Remote interface available at http://localhost:7474/
2024-12-07 11:49:05.484+0000 INFO  Neo4j Server shutdown initiated by request
2024-12-07 11:49:05.501+0000 INFO  Stopping...
2024-12-07 11:49:05.771+0000 INFO  Stopped.
2024-12-07 12:12:44.703+0000 INFO  ======== Neo4j 3.5.13 ========
2024-12-07 12:12:44.711+0000 INFO  Starting...
2024-12-07 12:12:46.545+0000 INFO  Bolt enabled on 127.0.0.1:7687.
2024-12-07 12:12:47.712+0000 INFO  Started.
2024-12-07 12:12:48.409+0000 INFO  Remote interface available at http://localhost:7474/
2024-12-07 12:13:09.885+0000 INFO  Neo4j Server shutdown initiated by request
2024-12-07 12:13:09.903+0000 INFO  Stopping...
2024-12-07 12:13:10.161+0000 INFO  Stopped.
nohup: ignoring input
2024-12-07 15:13:17.897+0000 INFO  ======== Neo4j 3.5.13 ========
2024-12-07 15:13:17.905+0000 INFO  Starting...
2024-12-07 15:13:19.671+0000 INFO  Bolt enabled on 127.0.0.1:7687.
2024-12-07 15:13:20.836+0000 INFO  Started.
2024-12-07 15:13:21.556+0000 INFO  Remote interface available at http://localhost:7474/
2024-12-07 15:15:25.357+0000 INFO  Neo4j Server shutdown initiated by request
2024-12-07 15:15:25.374+0000 INFO  Stopping...
2024-12-07 15:15:25.636+0000 INFO  Stopped.
nohup: ignoring input
2024-12-07 15:16:19.755+0000 INFO  ======== Neo4j 3.5.13 ========
2024-12-07 15:16:19.762+0000 INFO  Starting...
2024-12-07 15:16:21.509+0000 INFO  Bolt enabled on 127.0.0.1:7687.
2024-12-07 15:16:22.701+0000 INFO  Started.
2024-12-07 15:16:23.433+0000 INFO  Remote interface available at http://localhost:7474/
2024-12-07 15:16:59.687+0000 INFO  Neo4j Server shutdown initiated by request
2024-12-07 15:16:59.700+0000 INFO  Stopping...
2024-12-07 15:16:59.963+0000 INFO  Stopped.
nohup: ignoring input
2024-12-08 06:19:21.821+0000 INFO  ======== Neo4j 3.5.13 ========
2024-12-08 06:19:21.829+0000 INFO  Starting...
2024-12-08 06:19:23.539+0000 INFO  Bolt enabled on 127.0.0.1:7687.
2024-12-08 06:19:24.717+0000 INFO  Started.
2024-12-08 06:19:25.442+0000 INFO  Remote interface available at http://localhost:7474/
2024-12-08 06:26:54.253+0000 INFO  Neo4j Server shutdown initiated by request
2024-12-08 06:26:54.270+0000 INFO  Stopping...
2024-12-08 06:26:54.523+0000 INFO  Stopped.
nohup: ignoring input
2024-12-08 06:51:11.002+0000 INFO  ======== Neo4j 3.5.13 ========
2024-12-08 06:51:11.009+0000 INFO  Starting...
2024-12-08 06:51:12.742+0000 INFO  Bolt enabled on 127.0.0.1:7687.
2024-12-08 06:51:13.925+0000 INFO  Started.
2024-12-08 06:51:14.620+0000 INFO  Remote interface available at http://localhost:7474/
2024-12-08 07:57:08.882+0000 INFO  Neo4j Server shutdown initiated by request
2024-12-08 07:57:08.898+0000 INFO  Stopping...
2024-12-08 07:57:09.162+0000 INFO  Stopped.
nohup: ignoring input
2024-12-08 07:58:28.506+0000 INFO  ======== Neo4j 3.5.13 ========
2024-12-08 07:58:28.514+0000 INFO  Starting...
2024-12-08 07:58:30.252+0000 INFO  Bolt enabled on 127.0.0.1:7687.
2024-12-08 07:58:31.424+0000 INFO  Started.
2024-12-08 07:58:32.128+0000 INFO  Remote interface available at http://localhost:7474/
2024-12-08 08:37:54.726+0000 INFO  Neo4j Server shutdown initiated by request
2024-12-08 08:37:54.745+0000 INFO  Stopping...
2024-12-08 08:37:55.013+0000 INFO  Stopped.
nohup: ignoring input
2024-12-08 08:38:18.145+0000 INFO  ======== Neo4j 3.5.13 ========
2024-12-08 08:38:18.152+0000 INFO  Starting...
2024-12-08 08:38:19.935+0000 INFO  Bolt enabled on 127.0.0.1:7687.
2024-12-08 08:38:21.098+0000 INFO  Started.
2024-12-08 08:38:21.815+0000 INFO  Remote interface available at http://localhost:7474/
2024-12-08 08:39:41.411+0000 INFO  Neo4j Server shutdown initiated by request
2024-12-08 08:39:41.430+0000 INFO  Stopping...
2024-12-08 08:39:41.692+0000 INFO  Stopped.
nohup: ignoring input
2024-12-08 08:58:44.179+0000 INFO  ======== Neo4j 3.5.13 ========
2024-12-08 08:58:44.186+0000 INFO  Starting...
2024-12-08 08:58:45.938+0000 INFO  Bolt enabled on 127.0.0.1:7687.
2024-12-08 08:58:47.108+0000 INFO  Started.
2024-12-08 08:58:47.830+0000 INFO  Remote interface available at http://localhost:7474/
2024-12-08 13:51:18.484+0000 INFO  Neo4j Server shutdown initiated by request
2024-12-08 13:51:18.501+0000 INFO  Stopping...
2024-12-08 13:51:18.761+0000 INFO  Stopped.
nohup: ignoring input
2024-12-08 13:51:36.988+0000 INFO  ======== Neo4j 3.5.13 ========
2024-12-08 13:51:36.996+0000 INFO  Starting...
2024-12-08 13:51:38.770+0000 INFO  Bolt enabled on 127.0.0.1:7687.
2024-12-08 13:51:39.945+0000 INFO  Started.
2024-12-08 13:51:40.695+0000 INFO  Remote interface available at http://localhost:7474/
2024-12-09 02:39:44.554+0000 INFO  Neo4j Server shutdown initiated by request
2024-12-09 02:39:44.571+0000 INFO  Stopping...
2024-12-09 02:39:44.826+0000 INFO  Stopped.
nohup: ignoring input
2024-12-09 02:40:06.453+0000 INFO  ======== Neo4j 3.5.13 ========
2024-12-09 02:40:06.460+0000 INFO  Starting...
2024-12-09 02:40:08.207+0000 INFO  Bolt enabled on 127.0.0.1:7687.
2024-12-09 02:40:09.358+0000 INFO  Started.
2024-12-09 02:40:10.089+0000 INFO  Remote interface available at http://localhost:7474/
2024-12-09 03:39:58.935+0000 INFO  Neo4j Server shutdown initiated by request
2024-12-09 03:39:58.953+0000 INFO  Stopping...
2024-12-09 03:39:59.220+0000 INFO  Stopped.
nohup: ignoring input
2024-12-10 02:40:14.599+0000 INFO  ======== Neo4j 3.5.13 ========
2024-12-10 02:40:14.606+0000 INFO  Starting...
2024-12-10 02:40:16.334+0000 INFO  Bolt enabled on 127.0.0.1:7687.
2024-12-10 02:40:17.528+0000 INFO  Started.
2024-12-10 02:40:18.256+0000 INFO  Remote interface available at http://localhost:7474/
2024-12-10 03:05:13.470+0000 INFO  Neo4j Server shutdown initiated by request
2024-12-10 03:05:13.484+0000 INFO  Stopping...
2024-12-10 03:05:13.746+0000 INFO  Stopped.
nohup: ignoring input
2024-12-10 03:07:18.326+0000 INFO  ======== Neo4j 3.5.13 ========
2024-12-10 03:07:18.333+0000 INFO  Starting...
2024-12-10 03:07:20.065+0000 INFO  Bolt enabled on 127.0.0.1:7687.
2024-12-10 03:07:21.236+0000 INFO  Started.
2024-12-10 03:07:21.955+0000 INFO  Remote interface available at http://localhost:7474/
2024-12-10 03:33:44.469+0000 INFO  Neo4j Server shutdown initiated by request
2024-12-10 03:33:44.490+0000 INFO  Stopping...
2024-12-10 03:33:44.793+0000 INFO  Stopped.
nohup: ignoring input
2024-12-10 03:34:06.544+0000 INFO  ======== Neo4j 3.5.13 ========
2024-12-10 03:34:06.551+0000 INFO  Starting...
2024-12-10 03:34:08.271+0000 INFO  Bolt enabled on 127.0.0.1:7687.
2024-12-10 03:34:09.432+0000 INFO  Started.
2024-12-10 03:34:10.152+0000 INFO  Remote interface available at http://localhost:7474/
2024-12-10 03:38:26.325+0000 INFO  Neo4j Server shutdown initiated by request
2024-12-10 03:38:26.343+0000 INFO  Stopping...
2024-12-10 03:38:26.601+0000 INFO  Stopped.
nohup: ignoring input
2024-12-10 06:49:16.789+0000 INFO  ======== Neo4j 3.5.13 ========
2024-12-10 06:49:16.797+0000 INFO  Starting...
2024-12-10 06:49:18.960+0000 INFO  Bolt enabled on 127.0.0.1:7687.
2024-12-10 06:49:20.130+0000 INFO  Started.
2024-12-10 06:49:20.844+0000 INFO  Remote interface available at http://localhost:7474/
2024-12-10 07:08:08.080+0000 INFO  Neo4j Server shutdown initiated by request
2024-12-10 07:08:08.099+0000 INFO  Stopping...
2024-12-10 07:08:09.163+0000 INFO  Stopped.
nohup: ignoring input
2024-12-10 07:08:53.493+0000 INFO  ======== Neo4j 3.5.13 ========
2024-12-10 07:08:53.501+0000 INFO  Starting...
2024-12-10 07:08:55.482+0000 INFO  Bolt enabled on 127.0.0.1:7687.
2024-12-10 07:08:56.633+0000 INFO  Started.
2024-12-10 07:08:57.363+0000 INFO  Remote interface available at http://localhost:7474/
2024-12-10 07:14:57.262+0000 INFO  Neo4j Server shutdown initiated by request
2024-12-10 07:14:57.287+0000 INFO  Stopping...
2024-12-10 07:14:57.654+0000 INFO  Stopped.
nohup: ignoring input
2024-12-10 07:15:28.196+0000 INFO  ======== Neo4j 3.5.13 ========
2024-12-10 07:15:28.203+0000 INFO  Starting...
2024-12-10 07:15:31.659+0000 INFO  Bolt enabled on 127.0.0.1:7687.
2024-12-10 07:15:32.844+0000 INFO  Started.
2024-12-10 07:15:33.550+0000 INFO  Remote interface available at http://localhost:7474/
2024-12-10 07:35:51.246+0000 INFO  Neo4j Server shutdown initiated by request
2024-12-10 07:35:51.282+0000 INFO  Stopping...
2024-12-10 07:35:51.539+0000 INFO  Stopped.
nohup: ignoring input
2024-12-10 07:36:09.514+0000 INFO  ======== Neo4j 3.5.13 ========
2024-12-10 07:36:09.521+0000 INFO  Starting...
2024-12-10 07:36:11.290+0000 INFO  Bolt enabled on 127.0.0.1:7687.
2024-12-10 07:36:12.460+0000 INFO  Started.
2024-12-10 07:36:13.145+0000 INFO  Remote interface available at http://localhost:7474/
2024-12-10 07:38:55.090+0000 INFO  Neo4j Server shutdown initiated by request
2024-12-10 07:38:55.110+0000 INFO  Stopping...
2024-12-10 07:38:55.367+0000 INFO  Stopped.
nohup: ignoring input
2024-12-10 07:39:07.698+0000 INFO  ======== Neo4j 3.5.13 ========
2024-12-10 07:39:07.705+0000 INFO  Starting...
2024-12-10 07:39:09.447+0000 INFO  Bolt enabled on 127.0.0.1:7687.
2024-12-10 07:39:10.620+0000 INFO  Started.
2024-12-10 07:39:11.335+0000 INFO  Remote interface available at http://localhost:7474/
2024-12-13 11:43:02.919+0000 INFO  Neo4j Server shutdown initiated by request
2024-12-13 11:43:02.982+0000 INFO  Stopping...
2024-12-13 11:43:03.251+0000 INFO  Stopped.
nohup: ignoring input
2024-12-13 11:43:59.219+0000 INFO  ======== Neo4j 3.5.13 ========
2024-12-13 11:43:59.227+0000 INFO  Starting...
2024-12-13 11:44:01.013+0000 INFO  Bolt enabled on 127.0.0.1:7687.
2024-12-13 11:44:02.192+0000 INFO  Started.
2024-12-13 11:44:02.920+0000 INFO  Remote interface available at http://localhost:7474/
2024-12-13 11:46:17.483+0000 INFO  Neo4j Server shutdown initiated by request
2024-12-13 11:46:17.499+0000 INFO  Stopping...
2024-12-13 11:46:17.759+0000 INFO  Stopped.
nohup: ignoring input
2024-12-15 15:41:48.126+0000 INFO  ======== Neo4j 3.5.13 ========
2024-12-15 15:41:48.134+0000 INFO  Starting...
2024-12-15 15:41:49.935+0000 INFO  Bolt enabled on 127.0.0.1:7687.
2024-12-15 15:41:51.128+0000 INFO  Started.
2024-12-15 15:41:51.841+0000 INFO  Remote interface available at http://localhost:7474/
2024-12-15 15:43:39.941+0000 INFO  Neo4j Server shutdown initiated by request
2024-12-15 15:43:39.956+0000 INFO  Stopping...
2024-12-15 15:43:40.220+0000 INFO  Stopped.
nohup: ignoring input
2024-12-16 03:14:15.510+0000 INFO  ======== Neo4j 3.5.13 ========
2024-12-16 03:14:15.517+0000 INFO  Starting...
2024-12-16 03:14:17.418+0000 INFO  Bolt enabled on 127.0.0.1:7687.
2024-12-16 03:14:18.575+0000 INFO  Started.
2024-12-16 03:14:19.330+0000 INFO  Remote interface available at http://localhost:7474/
2024-12-16 03:16:04.330+0000 INFO  Neo4j Server shutdown initiated by request
2024-12-16 03:16:04.347+0000 INFO  Stopping...
2024-12-16 03:16:04.604+0000 INFO  Stopped.
nohup: ignoring input
2024-12-16 03:16:24.202+0000 INFO  ======== Neo4j 3.5.13 ========
2024-12-16 03:16:24.209+0000 INFO  Starting...
2024-12-16 03:16:25.965+0000 INFO  Bolt enabled on 127.0.0.1:7687.
2024-12-16 03:16:27.137+0000 INFO  Started.
2024-12-16 03:16:27.857+0000 INFO  Remote interface available at http://localhost:7474/
2024-12-16 03:21:55.588+0000 INFO  Neo4j Server shutdown initiated by request
2024-12-16 03:21:55.605+0000 INFO  Stopping...
2024-12-16 03:21:55.865+0000 INFO  Stopped.
nohup: ignoring input
2024-12-16 03:22:56.444+0000 INFO  ======== Neo4j 3.5.13 ========
2024-12-16 03:22:56.452+0000 INFO  Starting...
2024-12-16 03:22:58.198+0000 INFO  Bolt enabled on 127.0.0.1:7687.
2024-12-16 03:22:59.402+0000 INFO  Started.
2024-12-16 03:23:00.136+0000 INFO  Remote interface available at http://localhost:7474/
2024-12-16 06:48:36.047+0000 INFO  Neo4j Server shutdown initiated by request
2024-12-16 06:48:36.077+0000 INFO  Stopping...
2024-12-16 06:48:36.364+0000 INFO  Stopped.
nohup: ignoring input
2024-12-16 07:11:20.822+0000 INFO  ======== Neo4j 3.5.13 ========
2024-12-16 07:11:20.830+0000 INFO  Starting...
2024-12-16 07:11:22.583+0000 INFO  Bolt enabled on 127.0.0.1:7687.
2024-12-16 07:11:23.766+0000 INFO  Started.
2024-12-16 07:11:24.498+0000 INFO  Remote interface available at http://localhost:7474/
2024-12-16 09:11:36.922+0000 INFO  Neo4j Server shutdown initiated by request
2024-12-16 09:11:36.938+0000 INFO  Stopping...
2024-12-16 09:11:37.521+0000 INFO  Stopped.
nohup: ignoring input
2024-12-16 09:12:40.441+0000 INFO  ======== Neo4j 3.5.13 ========
2024-12-16 09:12:40.452+0000 INFO  Starting...
2024-12-16 09:12:43.033+0000 INFO  Bolt enabled on 127.0.0.1:7687.
2024-12-16 09:12:44.569+0000 INFO  Started.
2024-12-16 09:12:45.587+0000 INFO  Remote interface available at http://localhost:7474/
2024-12-16 09:39:07.915+0000 INFO  Neo4j Server shutdown initiated by request
2024-12-16 09:39:07.930+0000 INFO  Stopping...
2024-12-16 09:39:08.195+0000 INFO  Stopped.
nohup: ignoring input
2024-12-16 09:39:23.254+0000 INFO  ======== Neo4j 3.5.13 ========
2024-12-16 09:39:23.261+0000 INFO  Starting...
2024-12-16 09:39:25.046+0000 INFO  Bolt enabled on 127.0.0.1:7687.
2024-12-16 09:39:26.227+0000 INFO  Started.
2024-12-16 09:39:26.978+0000 INFO  Remote interface available at http://localhost:7474/
2024-12-16 09:42:44.171+0000 INFO  Neo4j Server shutdown initiated by request
2024-12-16 09:42:44.189+0000 INFO  Stopping...
2024-12-16 09:42:44.450+0000 INFO  Stopped.
nohup: ignoring input
2024-12-16 09:43:08.872+0000 INFO  ======== Neo4j 3.5.13 ========
2024-12-16 09:43:08.881+0000 INFO  Starting...
2024-12-16 09:43:10.670+0000 INFO  Bolt enabled on 127.0.0.1:7687.
2024-12-16 09:43:11.843+0000 INFO  Started.
2024-12-16 09:43:12.552+0000 INFO  Remote interface available at http://localhost:7474/
2024-12-16 10:15:40.691+0000 INFO  Neo4j Server shutdown initiated by request
2024-12-16 10:15:40.712+0000 INFO  Stopping...
2024-12-16 10:15:40.977+0000 INFO  Stopped.
nohup: ignoring input
2024-12-16 10:15:57.362+0000 INFO  ======== Neo4j 3.5.13 ========
2024-12-16 10:15:57.370+0000 INFO  Starting...
2024-12-16 10:15:59.183+0000 INFO  Bolt enabled on 127.0.0.1:7687.
2024-12-16 10:16:00.350+0000 INFO  Started.
2024-12-16 10:16:01.093+0000 INFO  Remote interface available at http://localhost:7474/
2024-12-16 10:23:14.231+0000 INFO  Neo4j Server shutdown initiated by request
2024-12-16 10:23:14.252+0000 INFO  Stopping...
2024-12-16 10:23:14.616+0000 INFO  Stopped.
nohup: ignoring input
2024-12-16 10:23:33.722+0000 INFO  ======== Neo4j 3.5.13 ========
2024-12-16 10:23:33.731+0000 INFO  Starting...
2024-12-16 10:23:36.448+0000 INFO  Bolt enabled on 127.0.0.1:7687.
2024-12-16 10:23:38.151+0000 INFO  Started.
2024-12-16 10:23:39.173+0000 INFO  Remote interface available at http://localhost:7474/
2024-12-16 11:31:31.435+0000 INFO  Neo4j Server shutdown initiated by request
2024-12-16 11:31:31.452+0000 INFO  Stopping...
2024-12-16 11:31:31.717+0000 INFO  Stopped.
nohup: ignoring input
2024-12-16 11:40:33.285+0000 INFO  ======== Neo4j 3.5.13 ========
2024-12-16 11:40:33.293+0000 INFO  Starting...
2024-12-16 11:40:35.058+0000 INFO  Bolt enabled on 127.0.0.1:7687.
2024-12-16 11:40:36.201+0000 INFO  Started.
2024-12-16 11:40:36.930+0000 INFO  Remote interface available at http://localhost:7474/
2024-12-16 12:08:00.909+0000 INFO  Neo4j Server shutdown initiated by request
2024-12-16 12:08:00.931+0000 INFO  Stopping...
2024-12-16 12:08:01.262+0000 INFO  Stopped.
nohup: ignoring input
2024-12-19 12:43:48.140+0000 INFO  ======== Neo4j 3.5.13 ========
2024-12-19 12:43:48.173+0000 INFO  Starting...
Exception in thread "neo4j.FileWatcher-1" java.io.UncheckedIOException: java.io.IOException: User limit of inotify watches reached
	at org.neo4j.io.fs.watcher.RestartableFileSystemWatcher.watchFile(RestartableFileSystemWatcher.java:111)
	at org.neo4j.io.fs.watcher.RestartableFileSystemWatcher.startWatching(RestartableFileSystemWatcher.java:92)
	at org.neo4j.kernel.impl.util.watcher.DefaultFileSystemWatcherService$FileSystemEventWatcher.run(DefaultFileSystemWatcherService.java:93)
	at java.lang.Thread.run(Thread.java:748)
Caused by: java.io.IOException: User limit of inotify watches reached
	at sun.nio.fs.LinuxWatchService$Poller.implRegister(LinuxWatchService.java:264)
	at sun.nio.fs.AbstractPoller.processRequests(AbstractPoller.java:260)
	at sun.nio.fs.LinuxWatchService$Poller.run(LinuxWatchService.java:364)
	... 1 more
2024-12-19 12:43:50.784+0000 INFO  Bolt enabled on 127.0.0.1:7687.
2024-12-19 12:43:52.271+0000 INFO  Started.
2024-12-19 12:43:53.160+0000 INFO  Remote interface available at http://localhost:7474/
2024-12-20 01:20:58.497+0000 INFO  Neo4j Server shutdown initiated by request
2024-12-20 01:20:58.518+0000 INFO  Stopping...
2024-12-20 01:20:58.787+0000 INFO  Stopped.
nohup: ignoring input
2024-12-20 01:21:23.098+0000 INFO  ======== Neo4j 3.5.13 ========
2024-12-20 01:21:23.105+0000 INFO  Starting...
Exception in thread "neo4j.FileWatcher-1" java.io.UncheckedIOException: java.io.IOException: User limit of inotify watches reached
	at org.neo4j.io.fs.watcher.RestartableFileSystemWatcher.watchFile(RestartableFileSystemWatcher.java:111)
	at org.neo4j.io.fs.watcher.RestartableFileSystemWatcher.startWatching(RestartableFileSystemWatcher.java:92)
	at org.neo4j.kernel.impl.util.watcher.DefaultFileSystemWatcherService$FileSystemEventWatcher.run(DefaultFileSystemWatcherService.java:93)
	at java.lang.Thread.run(Thread.java:748)
Caused by: java.io.IOException: User limit of inotify watches reached
	at sun.nio.fs.LinuxWatchService$Poller.implRegister(LinuxWatchService.java:264)
	at sun.nio.fs.AbstractPoller.processRequests(AbstractPoller.java:260)
	at sun.nio.fs.LinuxWatchService$Poller.run(LinuxWatchService.java:364)
	... 1 more
2024-12-20 01:21:25.247+0000 INFO  Bolt enabled on 127.0.0.1:7687.
2024-12-20 01:21:26.480+0000 INFO  Started.
2024-12-20 01:21:27.226+0000 INFO  Remote interface available at http://localhost:7474/
2024-12-20 01:25:53.328+0000 INFO  Neo4j Server shutdown initiated by request
2024-12-20 01:25:53.341+0000 INFO  Stopping...
2024-12-20 01:25:53.607+0000 INFO  Stopped.
nohup: ignoring input
2024-12-20 01:28:14.911+0000 INFO  ======== Neo4j 3.5.13 ========
2024-12-20 01:28:14.920+0000 INFO  Starting...
2024-12-20 01:28:16.747+0000 INFO  Bolt enabled on 127.0.0.1:7687.
2024-12-20 01:28:18.052+0000 INFO  Started.
2024-12-20 01:28:18.866+0000 INFO  Remote interface available at http://localhost:7474/
2024-12-20 01:29:44.780+0000 INFO  Neo4j Server shutdown initiated by request
2024-12-20 01:29:44.799+0000 INFO  Stopping...
2024-12-20 01:29:45.062+0000 INFO  Stopped.
nohup: ignoring input
2024-12-20 01:30:45.935+0000 INFO  ======== Neo4j 3.5.13 ========
2024-12-20 01:30:45.942+0000 INFO  Starting...
2024-12-20 01:30:47.727+0000 INFO  Bolt enabled on 127.0.0.1:7687.
2024-12-20 01:30:48.925+0000 INFO  Started.
2024-12-20 01:30:49.742+0000 INFO  Remote interface available at http://localhost:7474/
2024-12-20 01:33:40.647+0000 INFO  Neo4j Server shutdown initiated by request
2024-12-20 01:33:40.664+0000 INFO  Stopping...
2024-12-20 01:33:40.929+0000 INFO  Stopped.
nohup: ignoring input
2024-12-20 01:34:02.192+0000 INFO  ======== Neo4j 3.5.13 ========
2024-12-20 01:34:02.199+0000 INFO  Starting...
2024-12-20 01:34:03.923+0000 INFO  Bolt enabled on 127.0.0.1:7687.
2024-12-20 01:34:05.089+0000 INFO  Started.
2024-12-20 01:34:05.804+0000 INFO  Remote interface available at http://localhost:7474/
2024-12-20 01:38:16.632+0000 INFO  Neo4j Server shutdown initiated by request
2024-12-20 01:38:16.648+0000 INFO  Stopping...
2024-12-20 01:38:16.906+0000 INFO  Stopped.
nohup: ignoring input
2024-12-20 01:38:34.376+0000 INFO  ======== Neo4j 3.5.13 ========
2024-12-20 01:38:34.383+0000 INFO  Starting...
2024-12-20 01:38:36.137+0000 INFO  Bolt enabled on 127.0.0.1:7687.
2024-12-20 01:38:37.300+0000 INFO  Started.
2024-12-20 01:38:38.020+0000 INFO  Remote interface available at http://localhost:7474/
2024-12-23 03:33:00.864+0000 INFO  Neo4j Server shutdown initiated by request
2024-12-23 03:33:00.883+0000 INFO  Stopping...
2024-12-23 03:33:01.235+0000 INFO  Stopped.
nohup: ignoring input
2024-12-23 03:33:29.646+0000 INFO  ======== Neo4j 3.5.13 ========
2024-12-23 03:33:29.653+0000 INFO  Starting...
2024-12-23 03:33:31.415+0000 INFO  Bolt enabled on 127.0.0.1:7687.
2024-12-23 03:33:32.546+0000 INFO  Started.
2024-12-23 03:33:33.255+0000 INFO  Remote interface available at http://localhost:7474/
2024-12-26 01:31:31.337+0000 INFO  Neo4j Server shutdown initiated by request
2024-12-26 01:31:31.380+0000 INFO  Stopping...
2024-12-26 01:31:31.650+0000 INFO  Stopped.
nohup: ignoring input
2024-12-26 01:32:51.443+0000 INFO  ======== Neo4j 3.5.13 ========
2024-12-26 01:32:51.449+0000 INFO  Starting...
2024-12-26 01:32:53.243+0000 INFO  Bolt enabled on 127.0.0.1:7687.
2024-12-26 01:32:54.418+0000 INFO  Started.
2024-12-26 01:32:55.147+0000 INFO  Remote interface available at http://localhost:7474/
2024-12-26 01:37:38.536+0000 INFO  Neo4j Server shutdown initiated by request
2024-12-26 01:37:38.554+0000 INFO  Stopping...
2024-12-26 01:37:38.834+0000 INFO  Stopped.
nohup: ignoring input
2024-12-26 01:38:02.056+0000 INFO  ======== Neo4j 3.5.13 ========
2024-12-26 01:38:02.064+0000 INFO  Starting...
2024-12-26 01:38:03.894+0000 INFO  Bolt enabled on 127.0.0.1:7687.
2024-12-26 01:38:05.046+0000 INFO  Started.
2024-12-26 01:38:05.779+0000 INFO  Remote interface available at http://localhost:7474/
2024-12-29 13:31:49.971+0000 INFO  Neo4j Server shutdown initiated by request
2024-12-29 13:31:49.991+0000 INFO  Stopping...
2024-12-29 13:31:50.265+0000 INFO  Stopped.
nohup: ignoring input
2024-12-29 13:32:10.534+0000 INFO  ======== Neo4j 3.5.13 ========
2024-12-29 13:32:10.542+0000 INFO  Starting...
2024-12-29 13:32:12.350+0000 INFO  Bolt enabled on 127.0.0.1:7687.
2024-12-29 13:32:13.527+0000 INFO  Started.
2024-12-29 13:32:14.260+0000 INFO  Remote interface available at http://localhost:7474/
2025-01-03 14:09:29.304+0000 INFO  Neo4j Server shutdown initiated by request
2025-01-03 14:09:29.332+0000 INFO  Stopping...
2025-01-03 14:09:29.592+0000 INFO  Stopped.
nohup: ignoring input
2025-01-03 14:09:57.272+0000 INFO  ======== Neo4j 3.5.13 ========
2025-01-03 14:09:57.280+0000 INFO  Starting...
2025-01-03 14:09:59.047+0000 INFO  Bolt enabled on 127.0.0.1:7687.
2025-01-03 14:10:00.205+0000 INFO  Started.
2025-01-03 14:10:00.959+0000 INFO  Remote interface available at http://localhost:7474/
2025-01-03 14:19:12.714+0000 INFO  Neo4j Server shutdown initiated by request
2025-01-03 14:19:12.732+0000 INFO  Stopping...
2025-01-03 14:19:12.991+0000 INFO  Stopped.
nohup: ignoring input
2025-01-03 14:19:33.377+0000 INFO  ======== Neo4j 3.5.13 ========
2025-01-03 14:19:33.384+0000 INFO  Starting...
2025-01-03 14:19:35.194+0000 INFO  Bolt enabled on 127.0.0.1:7687.
2025-01-03 14:19:36.355+0000 INFO  Started.
2025-01-03 14:19:37.084+0000 INFO  Remote interface available at http://localhost:7474/
2025-01-03 14:35:58.651+0000 INFO  Neo4j Server shutdown initiated by request
2025-01-03 14:35:58.669+0000 INFO  Stopping...
2025-01-03 14:35:58.925+0000 INFO  Stopped.
nohup: ignoring input
2025-01-03 14:36:20.188+0000 INFO  ======== Neo4j 3.5.13 ========
2025-01-03 14:36:20.197+0000 INFO  Starting...
2025-01-03 14:36:21.947+0000 INFO  Bolt enabled on 127.0.0.1:7687.
2025-01-03 14:36:23.108+0000 INFO  Started.
2025-01-03 14:36:23.839+0000 INFO  Remote interface available at http://localhost:7474/
nohup: ignoring input
2025-01-13 12:14:58.825+0000 INFO  ======== Neo4j 3.5.13 ========
2025-01-13 12:14:58.841+0000 INFO  Starting...
2025-01-13 12:15:02.416+0000 INFO  Bolt enabled on 127.0.0.1:7687.
2025-01-13 12:15:03.713+0000 INFO  Started.
2025-01-13 12:15:04.414+0000 INFO  Remote interface available at http://localhost:7474/
2025-01-13 12:30:34.395+0000 INFO  Neo4j Server shutdown initiated by request
2025-01-13 12:30:34.418+0000 INFO  Stopping...
2025-01-13 12:30:34.685+0000 INFO  Stopped.
nohup: ignoring input
2025-01-13 12:30:53.920+0000 INFO  ======== Neo4j 3.5.13 ========
2025-01-13 12:30:53.925+0000 INFO  Starting...
2025-01-13 12:30:55.443+0000 INFO  Bolt enabled on 127.0.0.1:7687.
2025-01-13 12:30:56.364+0000 INFO  Started.
2025-01-13 12:30:56.970+0000 INFO  Remote interface available at http://localhost:7474/
2025-01-13 12:37:05.722+0000 INFO  Neo4j Server shutdown initiated by request
2025-01-13 12:37:05.738+0000 INFO  Stopping...
2025-01-13 12:37:05.983+0000 INFO  Stopped.
nohup: ignoring input
2025-01-13 12:37:29.303+0000 INFO  ======== Neo4j 3.5.13 ========
2025-01-13 12:37:29.308+0000 INFO  Starting...
2025-01-13 12:37:30.784+0000 INFO  Bolt enabled on 127.0.0.1:7687.
2025-01-13 12:37:31.701+0000 INFO  Started.
2025-01-13 12:37:32.314+0000 INFO  Remote interface available at http://localhost:7474/
2025-01-13 13:02:04.354+0000 INFO  Neo4j Server shutdown initiated by request
2025-01-13 13:02:04.370+0000 INFO  Stopping...
2025-01-13 13:02:04.625+0000 INFO  Stopped.
nohup: ignoring input
2025-01-13 13:02:20.615+0000 INFO  ======== Neo4j 3.5.13 ========
2025-01-13 13:02:20.621+0000 INFO  Starting...
2025-01-13 13:02:22.110+0000 INFO  Bolt enabled on 127.0.0.1:7687.
2025-01-13 13:02:23.018+0000 INFO  Started.
2025-01-13 13:02:23.590+0000 INFO  Remote interface available at http://localhost:7474/
2025-01-14 02:58:22.250+0000 INFO  Neo4j Server shutdown initiated by request
2025-01-14 02:58:22.266+0000 INFO  Stopping...
2025-01-14 02:58:22.497+0000 INFO  Stopped.
nohup: ignoring input
2025-01-14 07:14:13.938+0000 INFO  ======== Neo4j 3.5.13 ========
2025-01-14 07:14:13.944+0000 INFO  Starting...
2025-01-14 07:14:15.429+0000 INFO  Bolt enabled on 127.0.0.1:7687.
2025-01-14 07:14:16.458+0000 INFO  Started.
2025-01-14 07:14:17.105+0000 INFO  Remote interface available at http://localhost:7474/
2025-01-14 07:40:49.156+0000 INFO  Neo4j Server shutdown initiated by request
2025-01-14 07:40:49.173+0000 INFO  Stopping...
2025-01-14 07:40:49.410+0000 INFO  Stopped.
nohup: ignoring input
2025-01-14 07:44:36.555+0000 INFO  ======== Neo4j 3.5.13 ========
2025-01-14 07:44:36.562+0000 INFO  Starting...
2025-01-14 07:44:38.158+0000 INFO  Bolt enabled on 127.0.0.1:7687.
2025-01-14 07:44:39.088+0000 INFO  Started.
2025-01-14 07:44:39.739+0000 INFO  Remote interface available at http://localhost:7474/
2025-01-14 08:22:56.150+0000 INFO  Neo4j Server shutdown initiated by request
2025-01-14 08:22:56.167+0000 INFO  Stopping...
2025-01-14 08:22:56.410+0000 INFO  Stopped.
nohup: ignoring input
2025-01-14 08:23:55.327+0000 INFO  ======== Neo4j 3.5.13 ========
2025-01-14 08:23:55.333+0000 INFO  Starting...
2025-01-14 08:23:56.851+0000 INFO  Bolt enabled on 127.0.0.1:7687.
2025-01-14 08:23:57.819+0000 INFO  Started.
2025-01-14 08:23:58.412+0000 INFO  Remote interface available at http://localhost:7474/
2025-01-14 08:55:13.232+0000 INFO  Neo4j Server shutdown initiated by request
2025-01-14 08:55:13.248+0000 INFO  Stopping...
2025-01-14 08:55:13.484+0000 INFO  Stopped.
nohup: ignoring input
2025-01-14 08:55:29.831+0000 INFO  ======== Neo4j 3.5.13 ========
2025-01-14 08:55:29.838+0000 INFO  Starting...
2025-01-14 08:55:31.374+0000 INFO  Bolt enabled on 127.0.0.1:7687.
2025-01-14 08:55:32.336+0000 INFO  Started.
2025-01-14 08:55:32.936+0000 INFO  Remote interface available at http://localhost:7474/
2025-01-14 09:08:12.285+0000 INFO  Neo4j Server shutdown initiated by request
2025-01-14 09:08:12.302+0000 INFO  Stopping...
2025-01-14 09:08:12.536+0000 INFO  Stopped.
nohup: ignoring input
2025-01-14 09:08:28.249+0000 INFO  ======== Neo4j 3.5.13 ========
2025-01-14 09:08:28.255+0000 INFO  Starting...
2025-01-14 09:08:29.894+0000 INFO  Bolt enabled on 127.0.0.1:7687.
2025-01-14 09:08:30.942+0000 INFO  Started.
2025-01-14 09:08:31.543+0000 INFO  Remote interface available at http://localhost:7474/
2025-01-14 09:19:33.484+0000 INFO  Neo4j Server shutdown initiated by request
2025-01-14 09:19:33.500+0000 INFO  Stopping...
2025-01-14 09:19:33.742+0000 INFO  Stopped.
nohup: ignoring input
2025-01-14 09:20:02.484+0000 INFO  ======== Neo4j 3.5.13 ========
2025-01-14 09:20:02.490+0000 INFO  Starting...
2025-01-14 09:20:04.015+0000 INFO  Bolt enabled on 127.0.0.1:7687.
2025-01-14 09:20:05.005+0000 INFO  Started.
2025-01-14 09:20:05.637+0000 INFO  Remote interface available at http://localhost:7474/
2025-01-14 09:26:41.205+0000 INFO  Neo4j Server shutdown initiated by request
2025-01-14 09:26:41.222+0000 INFO  Stopping...
2025-01-14 09:26:41.462+0000 INFO  Stopped.
nohup: ignoring input
2025-01-14 09:27:46.984+0000 INFO  ======== Neo4j 3.5.13 ========
2025-01-14 09:27:46.991+0000 INFO  Starting...
2025-01-14 09:27:48.474+0000 INFO  Bolt enabled on 127.0.0.1:7687.
2025-01-14 09:27:49.444+0000 INFO  Started.
2025-01-14 09:27:50.002+0000 INFO  Remote interface available at http://localhost:7474/
2025-01-14 09:37:56.093+0000 INFO  Neo4j Server shutdown initiated by request
2025-01-14 09:37:56.111+0000 INFO  Stopping...
2025-01-14 09:37:56.349+0000 INFO  Stopped.
nohup: ignoring input
2025-01-14 09:38:29.171+0000 INFO  ======== Neo4j 3.5.13 ========
2025-01-14 09:38:29.177+0000 INFO  Starting...
2025-01-14 09:38:30.771+0000 INFO  Bolt enabled on 127.0.0.1:7687.
2025-01-14 09:38:31.673+0000 INFO  Started.
2025-01-14 09:38:32.273+0000 INFO  Remote interface available at http://localhost:7474/
2025-01-14 09:43:04.477+0000 INFO  Neo4j Server shutdown initiated by request
2025-01-14 09:43:04.493+0000 INFO  Stopping...
2025-01-14 09:43:04.804+0000 INFO  Stopped.
nohup: ignoring input
2025-01-14 09:43:59.598+0000 INFO  ======== Neo4j 3.5.13 ========
2025-01-14 09:43:59.606+0000 INFO  Starting...
2025-01-14 09:44:01.144+0000 INFO  Bolt enabled on 127.0.0.1:7687.
2025-01-14 09:44:02.089+0000 INFO  Started.
2025-01-14 09:44:02.701+0000 INFO  Remote interface available at http://localhost:7474/
2025-01-14 09:59:32.334+0000 INFO  Neo4j Server shutdown initiated by request
2025-01-14 09:59:32.349+0000 INFO  Stopping...
2025-01-14 09:59:32.595+0000 INFO  Stopped.
nohup: ignoring input
2025-01-14 10:00:27.058+0000 INFO  ======== Neo4j 3.5.13 ========
2025-01-14 10:00:27.065+0000 INFO  Starting...
2025-01-14 10:00:28.705+0000 INFO  Bolt enabled on 127.0.0.1:7687.
2025-01-14 10:00:29.682+0000 INFO  Started.
2025-01-14 10:00:30.351+0000 INFO  Remote interface available at http://localhost:7474/
2025-01-14 10:04:14.504+0000 INFO  Neo4j Server shutdown initiated by request
2025-01-14 10:04:14.521+0000 INFO  Stopping...
2025-01-14 10:04:14.755+0000 INFO  Stopped.
nohup: ignoring input
2025-01-14 10:04:31.335+0000 INFO  ======== Neo4j 3.5.13 ========
2025-01-14 10:04:31.342+0000 INFO  Starting...
2025-01-14 10:04:32.941+0000 INFO  Bolt enabled on 127.0.0.1:7687.
2025-01-14 10:04:33.927+0000 INFO  Started.
2025-01-14 10:04:34.538+0000 INFO  Remote interface available at http://localhost:7474/
2025-01-14 10:45:59.611+0000 INFO  Neo4j Server shutdown initiated by request
2025-01-14 10:45:59.629+0000 INFO  Stopping...
2025-01-14 10:45:59.865+0000 INFO  Stopped.
nohup: ignoring input
2025-01-14 10:46:29.265+0000 INFO  ======== Neo4j 3.5.13 ========
2025-01-14 10:46:29.272+0000 INFO  Starting...
2025-01-14 10:46:30.791+0000 INFO  Bolt enabled on 127.0.0.1:7687.
2025-01-14 10:46:31.720+0000 INFO  Started.
2025-01-14 10:46:32.323+0000 INFO  Remote interface available at http://localhost:7474/
2025-01-14 11:01:47.431+0000 INFO  Neo4j Server shutdown initiated by request
2025-01-14 11:01:47.445+0000 INFO  Stopping...
2025-01-14 11:01:47.691+0000 INFO  Stopped.
nohup: ignoring input
2025-01-14 11:06:38.489+0000 INFO  ======== Neo4j 3.5.13 ========
2025-01-14 11:06:38.496+0000 INFO  Starting...
2025-01-14 11:06:40.116+0000 INFO  Bolt enabled on 0.0.0.0:7687.
2025-01-14 11:06:41.076+0000 INFO  Started.
2025-01-14 11:06:41.645+0000 INFO  Remote interface available at http://localhost:7474/
2025-01-14 11:11:50.892+0000 INFO  Neo4j Server shutdown initiated by request
2025-01-14 11:11:50.907+0000 INFO  Stopping...
2025-01-14 11:11:51.147+0000 INFO  Stopped.
nohup: ignoring input
2025-01-14 11:12:09.558+0000 INFO  ======== Neo4j 3.5.13 ========
2025-01-14 11:12:09.570+0000 INFO  Starting...
2025-01-14 11:12:11.144+0000 INFO  Bolt enabled on 0.0.0.0:7687.
2025-01-14 11:12:12.086+0000 INFO  Started.
2025-01-14 11:12:12.686+0000 INFO  Remote interface available at http://localhost:7474/
2025-01-14 11:22:44.540+0000 INFO  Neo4j Server shutdown initiated by request
2025-01-14 11:22:44.556+0000 INFO  Stopping...
2025-01-14 11:22:44.792+0000 INFO  Stopped.
nohup: ignoring input
2025-01-14 11:23:00.085+0000 INFO  ======== Neo4j 3.5.13 ========
2025-01-14 11:23:00.092+0000 INFO  Starting...
2025-01-14 11:23:01.637+0000 INFO  Bolt enabled on 0.0.0.0:7687.
2025-01-14 11:23:02.611+0000 INFO  Started.
2025-01-14 11:23:03.213+0000 INFO  Remote interface available at http://localhost:7474/
2025-01-15 02:43:02.242+0000 INFO  Neo4j Server shutdown initiated by request
2025-01-15 02:43:02.258+0000 INFO  Stopping...
2025-01-15 02:43:02.560+0000 INFO  Stopped.
nohup: ignoring input
2025-01-15 02:43:25.020+0000 INFO  ======== Neo4j 3.5.13 ========
2025-01-15 02:43:25.026+0000 INFO  Starting...
2025-01-15 02:43:26.609+0000 INFO  Bolt enabled on 0.0.0.0:7687.
2025-01-15 02:43:27.613+0000 INFO  Started.
2025-01-15 02:43:28.262+0000 INFO  Remote interface available at http://localhost:7474/
2025-01-15 02:50:33.351+0000 INFO  Neo4j Server shutdown initiated by request
2025-01-15 02:50:33.369+0000 INFO  Stopping...
2025-01-15 02:50:33.607+0000 INFO  Stopped.
nohup: ignoring input
2025-01-15 02:50:49.496+0000 INFO  ======== Neo4j 3.5.13 ========
2025-01-15 02:50:49.502+0000 INFO  Starting...
2025-01-15 02:50:51.043+0000 INFO  Bolt enabled on 0.0.0.0:7687.
2025-01-15 02:50:51.960+0000 INFO  Started.
2025-01-15 02:50:52.543+0000 INFO  Remote interface available at http://localhost:7474/
2025-01-15 03:55:53.506+0000 INFO  Neo4j Server shutdown initiated by request
2025-01-15 03:55:53.519+0000 INFO  Stopping...
2025-01-15 03:55:53.768+0000 INFO  Stopped.
nohup: ignoring input
2025-01-15 03:56:08.932+0000 INFO  ======== Neo4j 3.5.13 ========
2025-01-15 03:56:08.939+0000 INFO  Starting...
2025-01-15 03:56:10.546+0000 INFO  Bolt enabled on 0.0.0.0:7687.
2025-01-15 03:56:11.479+0000 INFO  Started.
2025-01-15 03:56:12.155+0000 INFO  Remote interface available at http://localhost:7474/
2025-01-15 04:10:49.977+0000 INFO  Neo4j Server shutdown initiated by request
2025-01-15 04:10:49.995+0000 INFO  Stopping...
2025-01-15 04:10:50.244+0000 INFO  Stopped.
nohup: ignoring input
2025-01-15 04:11:06.228+0000 INFO  ======== Neo4j 3.5.13 ========
2025-01-15 04:11:06.236+0000 INFO  Starting...
2025-01-15 04:11:07.841+0000 INFO  Bolt enabled on 0.0.0.0:7687.
2025-01-15 04:11:08.852+0000 INFO  Started.
2025-01-15 04:11:09.460+0000 INFO  Remote interface available at http://localhost:7474/
2025-01-15 04:18:46.361+0000 INFO  Neo4j Server shutdown initiated by request
2025-01-15 04:18:46.376+0000 INFO  Stopping...
2025-01-15 04:18:46.614+0000 INFO  Stopped.
nohup: ignoring input
2025-01-15 04:19:37.793+0000 INFO  ======== Neo4j 3.5.13 ========
2025-01-15 04:19:37.800+0000 INFO  Starting...
2025-01-15 04:19:39.374+0000 INFO  Bolt enabled on 0.0.0.0:7687.
2025-01-15 04:19:40.323+0000 INFO  Started.
2025-01-15 04:19:40.985+0000 INFO  Remote interface available at http://localhost:7474/
2025-01-15 04:27:50.541+0000 INFO  Neo4j Server shutdown initiated by request
2025-01-15 04:27:50.556+0000 INFO  Stopping...
2025-01-15 04:27:53.028+0000 INFO  Stopped.
nohup: ignoring input
2025-01-15 04:28:09.286+0000 INFO  ======== Neo4j 3.5.13 ========
2025-01-15 04:28:09.291+0000 INFO  Starting...
2025-01-15 04:28:10.902+0000 INFO  Bolt enabled on 0.0.0.0:7687.
2025-01-15 04:28:11.939+0000 INFO  Started.
2025-01-15 04:28:12.497+0000 INFO  Remote interface available at http://localhost:7474/
2025-01-15 06:47:23.019+0000 INFO  Neo4j Server shutdown initiated by request
2025-01-15 06:47:23.036+0000 INFO  Stopping...
2025-01-15 06:47:23.264+0000 INFO  Stopped.
nohup: ignoring input
2025-01-15 06:47:39.696+0000 INFO  ======== Neo4j 3.5.13 ========
2025-01-15 06:47:39.703+0000 INFO  Starting...
2025-01-15 06:47:41.290+0000 INFO  Bolt enabled on 0.0.0.0:7687.
2025-01-15 06:47:42.294+0000 INFO  Started.
2025-01-15 06:47:42.864+0000 INFO  Remote interface available at http://localhost:7474/
2025-01-15 06:56:54.525+0000 INFO  Neo4j Server shutdown initiated by request
2025-01-15 06:56:54.542+0000 INFO  Stopping...
2025-01-15 06:56:54.781+0000 INFO  Stopped.
nohup: ignoring input
2025-01-15 06:57:15.283+0000 INFO  ======== Neo4j 3.5.13 ========
2025-01-15 06:57:15.290+0000 INFO  Starting...
2025-01-15 06:57:16.866+0000 INFO  Bolt enabled on 0.0.0.0:7687.
2025-01-15 06:57:17.798+0000 INFO  Started.
2025-01-15 06:57:18.491+0000 INFO  Remote interface available at http://localhost:7474/
2025-01-15 07:18:13.824+0000 INFO  Neo4j Server shutdown initiated by request
2025-01-15 07:18:13.845+0000 INFO  Stopping...
2025-01-15 07:18:14.171+0000 INFO  Stopped.
nohup: ignoring input
2025-01-15 07:18:41.002+0000 INFO  ======== Neo4j 3.5.13 ========
2025-01-15 07:18:41.009+0000 INFO  Starting...
2025-01-15 07:18:42.609+0000 INFO  Bolt enabled on 0.0.0.0:7687.
2025-01-15 07:18:43.565+0000 INFO  Started.
2025-01-15 07:18:44.266+0000 INFO  Remote interface available at http://localhost:7474/
2025-01-15 07:28:44.590+0000 INFO  Neo4j Server shutdown initiated by request
2025-01-15 07:28:44.606+0000 INFO  Stopping...
2025-01-15 07:28:46.765+0000 INFO  Stopped.
nohup: ignoring input
2025-01-15 07:29:03.310+0000 INFO  ======== Neo4j 3.5.13 ========
2025-01-15 07:29:03.318+0000 INFO  Starting...
2025-01-15 07:29:06.348+0000 INFO  Bolt enabled on 0.0.0.0:7687.
2025-01-15 07:29:07.457+0000 INFO  Started.
2025-01-15 07:29:08.121+0000 INFO  Remote interface available at http://localhost:7474/
2025-01-15 07:32:58.588+0000 INFO  Neo4j Server shutdown initiated by request
2025-01-15 07:32:58.606+0000 INFO  Stopping...
2025-01-15 07:33:00.931+0000 INFO  Stopped.
nohup: ignoring input
2025-01-15 07:33:15.697+0000 INFO  ======== Neo4j 3.5.13 ========
2025-01-15 07:33:15.705+0000 INFO  Starting...
2025-01-15 07:33:19.002+0000 INFO  Bolt enabled on 0.0.0.0:7687.
2025-01-15 07:33:20.085+0000 INFO  Started.
2025-01-15 07:33:20.827+0000 INFO  Remote interface available at http://localhost:7474/
2025-01-15 07:41:24.457+0000 INFO  Neo4j Server shutdown initiated by request
2025-01-15 07:41:24.475+0000 INFO  Stopping...
2025-01-15 07:41:26.843+0000 INFO  Stopped.
nohup: ignoring input
2025-01-15 07:42:37.161+0000 INFO  ======== Neo4j 3.5.13 ========
2025-01-15 07:42:37.168+0000 INFO  Starting...
2025-01-15 07:42:40.457+0000 INFO  Bolt enabled on 0.0.0.0:7687.
2025-01-15 07:42:41.607+0000 INFO  Started.
2025-01-15 07:42:42.314+0000 INFO  Remote interface available at http://localhost:7474/
2025-01-15 08:21:45.951+0000 INFO  Neo4j Server shutdown initiated by request
2025-01-15 08:21:46.006+0000 INFO  Stopping...
2025-01-15 08:21:46.245+0000 INFO  Stopped.
nohup: ignoring input
2025-01-15 08:22:03.982+0000 INFO  ======== Neo4j 3.5.13 ========
2025-01-15 08:22:03.990+0000 INFO  Starting...
2025-01-15 08:22:05.833+0000 INFO  Bolt enabled on 0.0.0.0:7687.
2025-01-15 08:22:06.947+0000 INFO  Started.
2025-01-15 08:22:07.705+0000 INFO  Remote interface available at http://localhost:7474/
2025-01-15 08:34:09.464+0000 INFO  Neo4j Server shutdown initiated by request
2025-01-15 08:34:09.480+0000 INFO  Stopping...
2025-01-15 08:34:09.780+0000 INFO  Stopped.
nohup: ignoring input
2025-01-15 08:34:55.823+0000 INFO  ======== Neo4j 3.5.13 ========
2025-01-15 08:34:55.833+0000 INFO  Starting...
2025-01-15 08:34:57.726+0000 INFO  Bolt enabled on 0.0.0.0:7687.
2025-01-15 08:34:58.909+0000 INFO  Started.
2025-01-15 08:34:59.710+0000 INFO  Remote interface available at http://localhost:7474/
2025-01-15 08:59:44.358+0000 INFO  Neo4j Server shutdown initiated by request
2025-01-15 08:59:44.379+0000 INFO  Stopping...
2025-01-15 08:59:44.629+0000 INFO  Stopped.
nohup: ignoring input
2025-01-15 09:00:07.480+0000 INFO  ======== Neo4j 3.5.13 ========
2025-01-15 09:00:07.490+0000 INFO  Starting...
2025-01-15 09:00:09.271+0000 INFO  Bolt enabled on 0.0.0.0:7687.
2025-01-15 09:00:10.393+0000 INFO  Started.
2025-01-15 09:00:11.128+0000 INFO  Remote interface available at http://localhost:7474/
2025-01-15 09:09:43.463+0000 INFO  Neo4j Server shutdown initiated by request
2025-01-15 09:09:43.482+0000 INFO  Stopping...
2025-01-15 09:09:43.732+0000 INFO  Stopped.
nohup: ignoring input
2025-01-15 09:10:02.630+0000 INFO  ======== Neo4j 3.5.13 ========
2025-01-15 09:10:02.640+0000 INFO  Starting...
2025-01-15 09:10:04.629+0000 INFO  Bolt enabled on 0.0.0.0:7687.
2025-01-15 09:10:05.801+0000 INFO  Started.
2025-01-15 09:10:06.625+0000 INFO  Remote interface available at http://localhost:7474/
2025-01-15 09:20:08.199+0000 INFO  Neo4j Server shutdown initiated by request
2025-01-15 09:20:08.217+0000 INFO  Stopping...
2025-01-15 09:20:08.480+0000 INFO  Stopped.
nohup: ignoring input
2025-01-15 09:20:26.022+0000 INFO  ======== Neo4j 3.5.13 ========
2025-01-15 09:20:26.038+0000 INFO  Starting...
2025-01-15 09:20:28.091+0000 INFO  Bolt enabled on 0.0.0.0:7687.
2025-01-15 09:20:29.315+0000 INFO  Started.
2025-01-15 09:20:30.211+0000 INFO  Remote interface available at http://localhost:7474/
2025-01-15 09:36:43.136+0000 INFO  Neo4j Server shutdown initiated by request
2025-01-15 09:36:43.161+0000 INFO  Stopping...
2025-01-15 09:36:43.410+0000 INFO  Stopped.
nohup: ignoring input
2025-01-15 09:39:42.471+0000 INFO  ======== Neo4j 3.5.13 ========
2025-01-15 09:39:42.479+0000 INFO  Starting...
2025-01-15 09:39:44.276+0000 INFO  Bolt enabled on 0.0.0.0:7687.
2025-01-15 09:39:45.381+0000 INFO  Started.
2025-01-15 09:39:46.135+0000 INFO  Remote interface available at http://localhost:7474/
